2018-10-29 17:41:01 1540806061825 服务已启动
2018-10-29 17:41:44 1540806104308 /jump/test
2018-10-29 17:41:51 1540806111818 /api/chat
2018-10-29 18:35:17 1540809317123 服务已启动
2018-10-29 18:35:41 1540809341645 /
2018-10-29 18:35:44 1540809344140 /
2018-10-29 18:36:41 1540809401460 /
2018-10-29 18:37:12 1540809432207 /
2018-10-29 18:37:33 1540809453482 /api/chat
2018-10-29 18:39:09 1540809549440 服务已启动
2018-10-29 18:39:12 1540809552517 /api/chat
2018-10-29 18:39:18 1540809558894 /api/chat
2018-10-29 18:39:39 1540809579935 服务已启动
2018-10-29 18:39:45 1540809585036 /api/chat
2018-10-29 18:41:08 1540809668748 /api/chat
2018-10-29 18:42:01 1540809721506 /api/chat
2018-10-29 18:42:07 1540809727329 /api/chat
2018-10-29 18:42:38 1540809758017 /api/chat
2018-10-29 18:43:23 1540809803655 /api/chat
2018-10-29 18:45:49 1540809949996 服务已启动
2018-10-29 18:45:57 1540809957065 /api/chat
2018-10-29 18:46:54 1540810014732 服务已启动
2018-10-29 18:47:03 1540810023201 /api/chat
2018-10-29 18:47:19 1540810039788 服务已启动
2018-10-29 18:47:28 1540810048692 /api/chat
2018-10-29 18:50:45 1540810245451 服务已启动
2018-10-29 18:50:49 1540810249223 /api/chat
2018-10-29 18:51:47 1540810307031 服务已启动
2018-10-29 18:51:50 1540810310837 /api/chat
2018-10-29 18:52:18 1540810338515 服务已启动
2018-10-29 18:52:20 1540810340350 /api/chat
2018-10-29 18:52:49 1540810369470 服务已启动
2018-10-29 18:52:53 1540810373218 /api/chat
2018-10-29 18:53:34 1540810414084 服务已启动
2018-10-29 18:53:37 1540810417276 /api/chat
2018-10-29 19:00:53 1540810853156 服务已启动
2018-10-29 19:00:59 1540810859463 /api/chat
2018-10-29 19:01:23 1540810883100 服务已启动
2018-10-29 19:01:26 1540810886050 /api/chat
2018-10-29 19:02:15 1540810935204 /api/chat
2018-10-29 19:02:17 1540810937006 /api/chat
2018-10-29 19:02:44 1540810964679 /api/chat
2018-10-29 19:03:05 1540810985236 /api/chat
2018-10-29 19:03:37 1540811017150 /api/chat
2018-11-03 18:46:17 1541241977967 服务已启动
2018-11-03 18:47:36 1541242056774 /jump/test
2018-11-03 18:47:43 1541242063130 /robot.html
2018-11-03 18:51:11 1541242271217 /robot.html
2018-11-03 18:51:11 1541242271227 /robot.css
2018-11-03 18:53:44 1541242424241 /robot.html
2018-11-03 18:53:44 1541242424250 /robot.css
2018-11-03 18:53:51 1541242431164 /robot.html
2018-11-03 18:53:51 1541242431173 /robot.css
2018-11-03 18:55:58 1541242558034 /robot.html
2018-11-03 18:55:58 1541242558043 /robot.css
2018-11-03 18:56:05 1541242565409 /robot.html
2018-11-03 18:56:05 1541242565418 /robot.css
2018-11-03 18:56:34 1541242594802 /robot.html
2018-11-03 18:56:34 1541242594813 /robot.css
2018-11-03 18:56:50 1541242610488 /robot.html
2018-11-03 18:56:50 1541242610498 /robot.css
2018-11-03 18:57:01 1541242621582 /robot.html
2018-11-03 18:57:01 1541242621591 /robot.css
2018-11-03 18:57:08 1541242628184 /robot.html
2018-11-03 18:57:08 1541242628192 /robot.css
2018-11-03 18:57:38 1541242658566 /robot.html
2018-11-03 18:57:38 1541242658574 /robot.css
2018-11-03 18:58:00 1541242680964 /robot.html
2018-11-03 18:58:00 1541242680973 /robot.css
2018-11-03 18:58:38 1541242718299 /robot.html
2018-11-03 18:58:38 1541242718308 /robot.css
2018-11-03 18:58:44 1541242724683 /robot.html
2018-11-03 18:58:44 1541242724692 /robot.css
2018-11-03 18:58:45 1541242725400 /robot.html
2018-11-03 18:58:45 1541242725410 /robot.css
2018-11-03 18:59:05 1541242745196 /robot.html
2018-11-03 18:59:05 1541242745205 /robot.css
2018-11-03 18:59:11 1541242751963 /robot.html
2018-11-03 18:59:11 1541242751972 /robot.css
2018-11-03 18:59:20 1541242760349 /robot.html
2018-11-03 18:59:20 1541242760358 /robot.css
2018-11-03 18:59:37 1541242777767 /robot.html
2018-11-03 18:59:37 1541242777775 /robot.css
2018-11-03 18:59:38 1541242778632 /robot.html
2018-11-03 18:59:38 1541242778642 /robot.css
2018-11-03 18:59:49 1541242789760 /robot.html
2018-11-03 18:59:49 1541242789768 /robot.css
2018-11-03 18:59:58 1541242798014 /robot.html
2018-11-03 18:59:58 1541242798022 /robot.css
2018-11-03 19:00:05 1541242805057 /robot.html
2018-11-03 19:00:05 1541242805066 /robot.css
2018-11-03 19:00:10 1541242810689 /robot.html
2018-11-03 19:00:10 1541242810697 /robot.css
2018-11-03 19:00:17 1541242817666 /robot.html
2018-11-03 19:00:17 1541242817675 /robot.css
2018-11-03 19:00:36 1541242836799 /robot.html
2018-11-03 19:00:36 1541242836808 /robot.css
2018-11-03 19:00:47 1541242847913 /robot.html
2018-11-03 19:00:47 1541242847923 /robot.css
2018-11-03 19:01:08 1541242868311 /robot.html
2018-11-03 19:01:08 1541242868319 /robot.css
2018-11-03 19:01:25 1541242885797 /robot.html
2018-11-03 19:01:25 1541242885806 /robot.css
2018-11-03 19:01:56 1541242916938 /robot.html
2018-11-03 19:01:56 1541242916947 /robot.css
2018-11-03 19:02:52 1541242972950 /robot.html
2018-11-03 19:02:52 1541242972958 /robot.css
2018-11-03 19:03:06 1541242986458 /robot.html
2018-11-03 19:03:06 1541242986468 /robot.css
2018-11-03 19:03:25 1541243005151 /robot.html
2018-11-03 19:03:25 1541243005160 /robot.css
2018-11-03 19:04:09 1541243049835 /robot.html
2018-11-03 19:04:09 1541243049844 /robot.css
2018-11-03 19:04:21 1541243061261 /robot.html
2018-11-03 19:04:21 1541243061269 /robot.css
2018-11-03 19:04:35 1541243075942 /robot.html
2018-11-03 19:04:35 1541243075950 /robot.css
2018-11-03 19:04:44 1541243084474 /robot.html
2018-11-03 19:04:44 1541243084483 /robot.css
2018-11-03 19:05:49 1541243149669 /robot.html
2018-11-03 19:05:49 1541243149678 /robot.css
2018-11-03 19:06:18 1541243178031 /robot.html
2018-11-03 19:06:18 1541243178040 /robot.css
2018-11-03 19:06:18 1541243178677 /robot.html
2018-11-03 19:06:18 1541243178686 /robot.css
2018-11-03 19:06:19 1541243179117 /robot.html
2018-11-03 19:06:19 1541243179126 /robot.css
2018-11-03 19:06:34 1541243194683 /robot.html
2018-11-03 19:06:34 1541243194692 /robot.css
2018-11-03 19:06:35 1541243195329 /robot.html
2018-11-03 19:06:35 1541243195338 /robot.css
2018-11-03 19:06:35 1541243195537 /robot.html
2018-11-03 19:06:35 1541243195548 /robot.css
2018-11-03 19:06:40 1541243200771 /robot.html
2018-11-03 19:06:40 1541243200781 /robot.css
2018-11-03 19:06:48 1541243208382 /robot.html
2018-11-03 19:06:48 1541243208390 /robot.css
2018-11-03 19:07:07 1541243227835 /robot.html
2018-11-03 19:07:07 1541243227843 /robot.css
2018-11-03 19:07:48 1541243268757 /robot.html
2018-11-03 19:07:48 1541243268766 /robot.css
2018-11-03 19:07:49 1541243269552 /robot.html
2018-11-03 19:07:49 1541243269561 /robot.css
2018-11-03 19:07:49 1541243269847 /robot.html
2018-11-03 19:07:49 1541243269857 /robot.css
2018-11-03 19:08:07 1541243287364 /robot.html
2018-11-03 19:08:07 1541243287374 /robot.css
2018-11-03 19:08:13 1541243293183 /robot.html
2018-11-03 19:08:13 1541243293193 /robot.css
2018-11-03 19:09:07 1541243347579 /robot.html
2018-11-03 19:09:07 1541243347589 /robot.css
2018-11-03 19:09:26 1541243366965 /robot.html
2018-11-03 19:09:26 1541243366990 /robot.css
2018-11-03 19:11:21 1541243481882 /robot.html
2018-11-03 19:11:21 1541243481909 /robot.css
2018-11-03 19:11:30 1541243490155 /robot.html
2018-11-03 19:11:30 1541243490165 /robot.css
2018-11-03 19:11:47 1541243507502 /robot.html
2018-11-03 19:11:47 1541243507511 /robot.css
2018-11-03 19:12:05 1541243525052 /robot.html
2018-11-03 19:12:05 1541243525061 /robot.css
2018-11-03 19:12:16 1541243536954 /robot.html
2018-11-03 19:12:16 1541243536963 /robot.css
2018-11-03 19:12:39 1541243559868 /robot.html
2018-11-03 19:12:39 1541243559877 /robot.css
2018-11-03 19:12:55 1541243575719 /robot.html
2018-11-03 19:12:55 1541243575727 /robot.css
2018-11-03 19:13:06 1541243586699 /robot.html
2018-11-03 19:13:06 1541243586707 /robot.css
2018-11-03 19:13:16 1541243596582 /robot.html
2018-11-03 19:13:16 1541243596590 /robot.css
2018-11-03 19:13:34 1541243614223 /robot.html
2018-11-03 19:13:34 1541243614232 /robot.css
2018-11-03 19:19:00 1541243940592 /robot.css
2018-11-03 19:19:03 1541243943162 /robot.html
2018-11-03 19:19:03 1541243943173 /robot.css
2018-11-03 19:19:20 1541243960663 /api/chat
2018-11-03 19:19:21 1541243961407 /api/chat
2018-11-03 19:19:21 1541243961502 /api/chat
2018-11-03 19:19:21 1541243961559 /api/chat
2018-11-03 19:19:21 1541243961777 /api/chat
2018-11-03 19:19:27 1541243967911 /api/chat
2018-11-03 19:21:22 1541244082140 /robot.html
2018-11-03 19:21:22 1541244082152 /robot.css
2018-11-03 19:21:38 1541244098071 /robot.html
2018-11-03 19:21:38 1541244098081 /robot.css
2018-11-03 19:21:41 1541244101181 /api/chat
2018-11-03 19:21:41 1541244101636 /api/chat
2018-11-03 19:21:45 1541244105155 /api/chat
2018-11-03 19:21:45 1541244105508 /api/chat
2018-11-03 19:21:45 1541244105780 /api/chat
2018-11-03 19:21:50 1541244110993 /api/chat
2018-11-03 19:21:56 1541244116448 /api/chat
2018-11-03 19:22:25 1541244145975 /robot.html
2018-11-03 19:22:25 1541244145985 /robot.css
2018-11-03 19:22:27 1541244147356 /api/chat
2018-11-03 19:22:27 1541244147412 /api/chat
2018-11-03 19:22:28 1541244148107 /api/chat
2018-11-03 19:22:28 1541244148177 /api/chat
2018-11-03 19:22:28 1541244148258 /api/chat
2018-11-03 19:22:28 1541244148771 /api/chat
2018-11-03 19:22:28 1541244148865 /api/chat
2018-11-03 19:22:28 1541244148953 /api/chat
2018-11-03 19:22:29 1541244149554 /api/chat
2018-11-03 19:22:29 1541244149610 /api/chat
2018-11-03 19:22:29 1541244149673 /api/chat
2018-11-03 19:22:30 1541244150504 /api/chat
2018-11-03 19:22:44 1541244164790 /api/chat
2018-11-03 19:23:02 1541244182068 /robot.html
2018-11-03 19:23:02 1541244182079 /robot.css
2018-11-03 19:23:49 1541244229636 /robot.html
2018-11-03 19:23:49 1541244229647 /robot.css
2018-11-03 19:23:51 1541244231698 /api/chat
2018-11-03 19:23:53 1541244233408 /api/chat
2018-11-03 19:24:02 1541244242306 /robot.html
2018-11-03 19:24:02 1541244242316 /robot.css
2018-11-03 19:24:04 1541244244999 /api/chat
2018-11-03 19:27:13 1541244433568 /robot.html
2018-11-03 19:27:13 1541244433578 /robot.css
2018-11-03 19:27:17 1541244437474 /api/chat
2018-11-03 19:27:22 1541244442985 /api/chat
2018-11-03 19:27:46 1541244466957 /robot.html
2018-11-03 19:27:46 1541244466968 /robot.css
2018-11-03 19:27:50 1541244470281 /api/chat
2018-11-03 19:29:06 1541244546629 /robot.html
2018-11-03 19:29:06 1541244546640 /robot.css
2018-11-03 19:29:31 1541244571370 /robot.html
2018-11-03 19:29:31 1541244571380 /robot.css
2018-11-03 19:29:35 1541244575734 /api/chat
2018-11-03 19:30:33 1541244633592 /robot.html
2018-11-03 19:30:33 1541244633605 /robot.css
2018-11-03 19:30:38 1541244638042 /api/chat
2018-11-03 19:35:53 1541244953678 /robot.html
2018-11-03 19:35:53 1541244953701 /robot.css
2018-11-03 19:35:58 1541244958595 /api/chat
2018-11-03 19:36:15 1541244975581 /robot.html
2018-11-03 19:36:15 1541244975590 /robot.css
2018-11-03 19:36:18 1541244978370 /api/chat
2018-11-03 19:36:28 1541244988130 /api/chat
2018-11-03 19:36:37 1541244997338 /api/chat
2018-11-03 19:36:47 1541245007473 /api/chat
2018-11-03 19:37:29 1541245049883 /robot.html
2018-11-03 19:37:29 1541245049894 /robot.css
2018-11-03 19:37:33 1541245053608 /api/chat
2018-11-03 19:37:36 1541245056960 /api/chat
2018-11-03 19:37:37 1541245057513 /api/chat
2018-11-03 19:37:42 1541245062168 /api/chat
2018-11-03 19:37:45 1541245065957 /api/chat
2018-11-03 19:37:50 1541245070431 /api/chat
2018-11-03 19:37:51 1541245071664 /api/chat
2018-11-03 19:37:53 1541245073999 /api/chat
2018-11-03 19:37:57 1541245077527 /api/chat
2018-11-03 19:37:59 1541245079823 /api/chat
2018-11-03 19:38:02 1541245082039 /api/chat
2018-11-03 19:38:04 1541245084399 /api/chat
2018-11-03 19:38:06 1541245086391 /api/chat
2018-11-03 19:38:10 1541245090103 /api/chat
2018-11-03 19:40:29 1541245229714 /robot.html
2018-11-03 19:40:29 1541245229724 /robot.css
2018-11-03 19:40:33 1541245233035 /api/chat
2018-11-03 19:40:35 1541245235171 /api/chat
2018-11-03 19:40:40 1541245240411 /api/chat
2018-11-03 19:40:43 1541245243106 /api/chat
2018-11-03 19:40:44 1541245244650 /api/chat
2018-11-03 19:40:46 1541245246162 /api/chat
2018-11-03 19:40:48 1541245248138 /api/chat
2018-11-03 19:40:50 1541245250538 /api/chat
2018-11-03 19:40:52 1541245252785 /api/chat
2018-11-03 19:40:55 1541245255122 /api/chat
2018-11-03 19:40:57 1541245257482 /api/chat
2018-11-03 19:40:59 1541245259746 /api/chat
2018-11-03 19:41:01 1541245261922 /api/chat
2018-11-03 19:41:04 1541245264298 /api/chat
2018-11-09 17:54:16 1541757256227 服务已启动
2018-11-09 17:54:22 1541757262708 /jump/test
2018-11-09 17:54:33 1541757273385 /robot.html
2018-11-09 17:54:33 1541757273440 /robot.css
2018-11-09 17:54:58 1541757298403 /api/chat
2018-11-09 17:55:04 1541757304120 /api/chat
2018-11-09 17:55:20 1541757320981 /api/chat
2018-11-09 17:55:43 1541757343572 /api/chat
2018-11-09 17:56:04 1541757364849 /api/chat
2018-11-09 17:56:20 1541757380456 /api/chat
2018-11-09 17:56:20 1541757380962 /api/chat
2018-11-09 17:56:38 1541757398230 /robot.css
2018-11-09 17:57:59 1541757479128 /robot.html
2018-11-09 17:57:59 1541757479136 /robot.css
2018-11-14 18:06:10 1542189970895 服务已启动
2018-11-14 18:06:23 1542189983452 /robot.html
2018-11-14 18:06:23 1542189983485 /robot.css
2018-11-14 18:06:33 1542189993333 /api/chat
2018-11-14 18:06:38 1542189998973 /api/chat
2018-11-14 18:06:39 1542189999427 /api/chat
2018-11-14 18:06:48 1542190008733 /api/chat
2018-11-14 18:07:09 1542190029651 /api/chat
2018-11-14 18:07:17 1542190037723 /api/chat
2018-11-14 18:07:32 1542190052323 /api/chat
2018-11-14 18:07:48 1542190068842 /api/chat
2018-11-14 18:07:51 1542190071986 /api/chat
2018-11-14 18:08:07 1542190087322 /api/chat
2018-11-20 11:26:05 1542684365147 服务已启动
2018-11-20 11:27:13 1542684433002 /api/chat
2018-11-20 11:27:27 1542684447156 /robot.html
2018-11-20 11:27:27 1542684447167 /robot.css
2018-11-20 11:27:33 1542684453975 /api/chat
2018-11-20 11:35:56 1542684956482 服务已启动
2018-11-20 11:36:00 1542684960199 /robot.html
2018-11-20 11:36:00 1542684960213 /robot.css
2018-11-20 11:36:12 1542684972992 /robot.css
2018-11-20 11:36:21 1542684981741 /robot.html
2018-11-20 11:36:21 1542684981752 /robot.css
2018-11-20 11:36:25 1542684985728 /api/chat
2018-11-20 11:38:30 1542685110636 /robot.html
2018-11-20 11:38:30 1542685110646 /robot.css
2018-11-20 11:38:35 1542685115292 /api/chat
2018-11-20 11:39:23 1542685163965 /robot.html
2018-11-20 11:39:23 1542685163984 /robot.css
2018-11-20 11:39:28 1542685168819 /api/chat
2018-11-20 11:39:46 1542685186269 /robot.html
2018-11-20 11:39:46 1542685186279 /robot.css
2018-11-20 11:39:55 1542685195490 /api/chat
2018-11-20 11:40:08 1542685208499 /robot.css
2018-11-20 11:41:13 1542685273412 /robot.html
2018-11-20 11:41:13 1542685273422 /robot.css
2018-11-20 11:41:18 1542685278896 /api/chat
2018-11-20 11:43:02 1542685382583 /robot.html
2018-11-20 11:43:02 1542685382600 /robot.css
2018-11-20 11:43:07 1542685387870 /api/chat
2018-11-20 11:44:12 1542685452107 /robot.css
2018-11-20 11:47:12 1542685632243 /robot.html
2018-11-20 11:47:12 1542685632254 /robot.css
2018-11-20 11:47:56 1542685676162 /robot.html
2018-11-20 11:47:56 1542685676172 /robot.css
2018-11-20 11:48:02 1542685682519 /api/chat
2018-11-20 11:48:30 1542685710308 /robot.html
2018-11-20 11:48:30 1542685710327 /robot.css
2018-11-20 11:48:35 1542685715055 /api/chat
2018-11-20 12:23:36 1542687816829 服务已启动
2018-11-20 12:23:43 1542687823181 /robot.html
2018-11-20 12:23:43 1542687823194 /robot.css
2018-11-20 12:23:50 1542687830399 /api/chat
2018-11-20 12:24:15 1542687855812 /robot.html
2018-11-20 12:24:15 1542687855820 /robot.css
2018-11-20 12:24:19 1542687859934 /api/chat
2018-11-20 12:24:42 1542687882860 /robot.css
2018-11-20 12:25:21 1542687921244 /robot.html
2018-11-20 12:25:21 1542687921253 /robot.css
2018-11-20 12:25:25 1542687925516 /api/chat
2018-11-20 12:31:53 1542688313704 /robot.html
2018-11-20 12:31:53 1542688313714 /robot.css
2018-11-20 12:31:59 1542688319403 /api/chat
2018-11-20 12:32:41 1542688361259 /robot.html
2018-11-20 12:32:41 1542688361267 /robot.css
2018-11-20 12:32:46 1542688366466 /api/chat
2018-11-20 12:33:20 1542688400046 /robot.html
2018-11-20 12:33:20 1542688400055 /robot.css
2018-11-20 12:33:25 1542688405737 /api/chat
2018-11-20 12:33:38 1542688418945 /robot.html
2018-11-20 12:33:38 1542688418955 /robot.css
2018-11-20 12:33:45 1542688425055 /api/chat
2018-11-20 12:34:25 1542688465120 /robot.html
2018-11-20 12:34:25 1542688465131 /robot.css
2018-11-20 12:34:30 1542688470463 /api/chat
2018-11-20 12:35:10 1542688510573 /robot.html
2018-11-20 12:35:10 1542688510582 /robot.css
2018-11-20 12:35:15 1542688515255 /api/chat
2018-11-20 12:35:35 1542688535521 /robot.html
2018-11-20 12:35:35 1542688535539 /robot.css
2018-11-20 12:35:43 1542688543630 /api/chat
2018-11-20 12:36:37 1542688597984 /robot.html
2018-11-20 12:36:37 1542688597994 /robot.css
2018-11-20 12:36:42 1542688602637 /api/chat
2018-11-20 12:37:15 1542688635124 /robot.html
2018-11-20 12:37:15 1542688635135 /robot.css
2018-11-20 12:37:15 1542688635162 /favicon.ico
2018-11-20 12:37:33 1542688653852 /api/chat
2018-11-20 12:38:18 1542688698388 /robot.html
2018-11-20 12:38:18 1542688698396 /robot.css
2018-11-20 12:38:22 1542688702804 /api/chat
2018-11-20 12:38:23 1542688703260 /api/chat
2018-11-20 12:39:02 1542688742298 /robot.html
2018-11-20 12:39:02 1542688742308 /robot.css
2018-11-20 12:39:02 1542688742331 /favicon.ico
2018-11-20 12:39:05 1542688745075 /api/chat
2018-11-20 12:39:23 1542688763468 /robot.html
2018-11-20 12:39:23 1542688763480 /robot.css
2018-11-20 12:39:23 1542688763502 /favicon.ico
2018-11-20 12:39:29 1542688769326 /api/chat
2018-11-20 12:45:31 1542689131582 /robot.html
2018-11-20 12:45:31 1542689131592 /robot.css
2018-11-20 12:55:18 1542689718641 /robot.html
2018-11-20 12:55:18 1542689718651 /robot.css
2018-11-20 12:55:19 1542689719810 /robot.html
2018-11-20 12:55:19 1542689719820 /robot.css
2018-11-20 12:55:30 1542689730711 /robot.css
2018-11-20 12:55:44 1542689744587 /robot.html
2018-11-20 12:55:44 1542689744599 /robot.css
2018-11-20 12:55:52 1542689752234 /api/chat
2018-11-20 12:56:09 1542689769901 /robot.html
2018-11-20 12:56:09 1542689769909 /robot.css
2018-11-20 12:56:17 1542689777695 /api/chat
2018-11-20 13:07:06 1542690426872 服务已启动
2018-11-20 13:07:09 1542690429018 /robot.html
2018-11-20 13:07:09 1542690429056 /robot.css
2018-11-20 13:07:19 1542690439204 /api/chat
2018-11-20 13:08:06 1542690486652 服务已启动
2018-11-20 13:08:08 1542690488793 /robot.html
2018-11-20 13:08:08 1542690488812 /robot.css
2018-11-20 13:08:14 1542690494024 /api/chat
2018-11-20 13:10:13 1542690613335 服务已启动
2018-11-20 13:10:18 1542690618074 /robot.html
2018-11-20 13:10:18 1542690618088 /robot.css
2018-11-20 13:10:30 1542690630352 /api/chat
2018-11-20 13:10:30 1542690630356 /shan.jpeg
2018-11-20 13:10:30 1542690630623 /xiaodu.jpeg
2018-11-20 13:13:43 1542690823778 /robot.html
2018-11-20 13:13:43 1542690823789 /robot.css
2018-11-20 13:14:11 1542690851753 /shan.jpeg
2018-11-20 13:14:11 1542690851754 /api/chat
2018-11-20 13:14:12 1542690852063 /xiaodu.jpeg
2018-11-20 13:15:21 1542690921710 /robot.html
2018-11-20 13:15:21 1542690921722 /robot.css
2018-11-20 13:15:32 1542690932623 /api/chat
2018-11-20 13:15:32 1542690932624 /shan.jpeg
2018-11-20 13:15:32 1542690932982 /xiaodu.jpeg
2018-11-20 13:17:59 1542691079186 /robot.html
2018-11-20 13:17:59 1542691079197 /robot.css
2018-11-20 13:18:10 1542691090747 /api/chat
2018-11-20 13:18:10 1542691090748 /shan.jpeg
2018-11-20 13:18:11 1542691091018 /xiaodu.jpeg
2018-11-20 13:18:28 1542691108600 /robot.html
2018-11-20 13:18:28 1542691108611 /robot.css
2018-11-20 13:18:32 1542691112938 /shan.jpeg
2018-11-20 13:18:32 1542691112939 /api/chat
2018-11-20 13:18:33 1542691113169 /xiaodu.jpeg
2018-11-20 13:18:44 1542691124113 /api/chat
2018-11-20 13:18:51 1542691131305 /api/chat
2018-11-20 13:22:27 1542691347972 /api/chat
2018-11-20 13:24:40 1542691480585 /api/chat
2018-11-20 13:24:54 1542691494656 /api/chat
2018-11-20 13:25:29 1542691529287 /api/chat
2018-11-20 13:34:47 1542692087359 /api/chat
2018-11-20 13:35:19 1542692119890 /api/chat
2018-11-20 13:35:29 1542692129922 /api/chat
2018-11-20 13:35:42 1542692142593 /api/chat
2018-11-20 15:23:36 1542698616829 /api/chat
2018-11-20 15:23:42 1542698622824 /robot.html
2018-11-20 15:23:42 1542698622834 /robot.css
2018-11-20 16:06:05 1542701165073 服务已启动
2018-11-20 16:06:07 1542701167117 /robot.html
2018-11-20 16:06:07 1542701167128 /robot.css
2018-11-20 16:06:12 1542701172660 /api/chat
2018-11-20 16:06:12 1542701172670 /shan.jpeg
2018-11-20 16:06:13 1542701173096 /xiaodu.jpeg
2018-11-20 16:06:24 1542701184075 /api/chat
2018-11-20 16:06:33 1542701193171 /api/chat
2018-11-20 16:06:51 1542701211611 /api/chat
2018-11-20 16:07:07 1542701227170 /api/chat
2018-11-20 16:07:16 1542701236538 /api/chat
2018-11-20 16:07:23 1542701243587 /robot.html
2018-11-20 16:07:23 1542701243597 /robot.css
2018-11-20 19:36:33 1542713793805 服务已启动
2018-11-20 19:36:38 1542713798919 /robot.html
2018-11-20 19:36:38 1542713798929 /robot.css
2018-11-20 19:36:52 1542713812634 /api/chat
2018-11-20 19:36:52 1542713812638 /shan.jpeg
2018-11-20 19:36:53 1542713813045 /xiaodu.jpeg
2018-11-20 19:39:08 1542713948530 /robot.html
2018-11-20 19:39:08 1542713948551 /robot.css
2018-11-20 19:39:13 1542713953011 /api/chat
2018-11-20 19:39:13 1542713953013 /panda.jpeg
2018-11-20 19:39:13 1542713953387 /xiaodu.jpeg
2018-11-20 19:39:28 1542713968364 /api/chat
2018-11-20 19:39:33 1542713973506 /api/chat
2018-11-20 19:39:40 1542713980143 /robot.html
2018-11-20 19:39:40 1542713980151 /robot.css
2018-11-20 19:39:43 1542713983957 /panda.jpeg
2018-11-20 19:39:43 1542713983958 /api/chat
2018-11-20 19:39:44 1542713984411 /xiaodu.jpeg
2018-11-20 19:39:47 1542713987870 /api/chat
2018-11-20 19:39:57 1542713997349 /api/chat
2018-11-20 19:40:05 1542714005196 /api/chat
2018-11-20 20:23:51 1542716631354 服务已启动
2018-11-20 20:24:07 1542716647673 /robot.html
2018-11-20 20:24:07 1542716647688 /robot.css
2018-11-20 20:24:07 1542716647710 /favicon.ico
2018-11-20 20:24:14 1542716654648 /api/chat
2018-11-20 20:24:14 1542716654652 /panda.jpeg
2018-11-20 20:24:15 1542716655005 /xiaodu.jpeg
2018-11-20 20:34:16 1542717256848 /api/chat
2018-11-20 20:34:25 1542717265744 /api/chat
2018-11-20 20:34:31 1542717271840 /api/chat
2018-11-20 20:47:53 1542718073742 /
2018-11-20 20:47:58 1542718078805 /robot.html
2018-11-20 20:47:58 1542718078811 /robot.css
2018-11-20 20:48:30 1542718110200 /api/chat
2018-11-20 20:48:30 1542718110201 /panda.jpeg
2018-11-20 20:48:30 1542718110543 /xiaodu.jpeg
2018-11-20 20:48:48 1542718128383 /api/chat
2018-11-20 20:54:58 1542718498379 /robot.html
2018-11-20 20:54:58 1542718498385 /robot.css
2018-11-20 20:56:02 1542718562439 /api/chat
2018-11-20 20:56:02 1542718562440 /panda.jpeg
2018-11-20 20:56:02 1542718562940 /xiaodu.jpeg
2018-11-20 20:56:09 1542718569668 /robot.css
2018-11-20 20:56:21 1542718581799 /api/chat
2019-03-28 22:58:11 1553785091846 服务已启动
2019-03-28 22:58:14 1553785094638 /robot.html
2019-03-28 22:58:14 1553785094654 /robot.css
2019-03-28 22:58:14 1553785094678 /favicon.ico
2019-03-28 22:58:18 1553785098059 /panda.jpeg
2019-03-28 22:58:18 1553785098061 /api/chat
2019-03-28 22:58:18 1553785098452 /xiaodu.jpeg
2019-03-28 22:58:22 1553785102267 /api/chat
2019-03-28 22:58:27 1553785107530 /api/chat
2019-03-28 22:58:36 1553785116821 /api/chat
2019-03-28 22:58:59 1553785139578 /robot.css
2019-03-28 22:59:04 1553785144707 /api/chat
2019-03-28 22:59:12 1553785152419 /api/chat
2019-03-28 22:59:13 1553785153899 /api/chat
2019-03-28 22:59:53 1553785193195 /api/chat
2019-03-28 22:59:55 1553785195148 /api/chat
2019-03-28 22:59:56 1553785196804 /api/chat
2019-03-28 23:00:00 1553785200588 /api/chat
2019-03-28 23:00:11 1553785211564 /api/chat
2019-03-28 23:00:14 1553785214571 /api/chat
2019-03-28 23:00:17 1553785217725 /api/chat
2019-03-28 23:01:51 1553785311413 服务已启动
2019-03-28 23:01:59 1553785319734 /index.html
2019-03-28 23:02:00 1553785320138 /favicon.ico
2019-03-28 23:02:12 1553785332916 /robot.html
2019-03-28 23:02:12 1553785332927 /robot.css
2019-03-28 23:02:18 1553785338290 /api/chat
2019-03-28 23:02:18 1553785338299 /panda.jpeg
2019-03-28 23:02:18 1553785338569 /xiaodu.jpeg
2019-03-28 23:02:21 1553785341295 /api/chat
2019-03-28 23:02:26 1553785346777 /api/chat
2019-04-04 13:20:40 1554355240250 服务已启动
2019-04-04 13:20:46 1554355246546 /
2019-04-04 13:21:03 1554355263917 /robot.html
2019-04-04 13:21:03 1554355263929 /robot.css
2019-04-04 13:21:08 1554355268861 /api/chat
2019-04-04 13:21:08 1554355268871 /panda.jpeg
2019-04-04 13:21:12 1554355272756 /api/chat
2019-04-04 13:21:14 1554355274438 /api/chat
2019-04-04 13:21:17 1554355277155 /robot.css
2019-04-04 13:21:32 1554355292373 /api/chat
2019-04-04 13:22:09 1554355329097 服务已启动
2019-04-04 13:22:12 1554355332714 /api/chat
2019-04-04 13:22:32 1554355352992 /api/chat
2019-04-04 13:22:37 1554355357492 /api/chat
2019-04-04 13:22:44 1554355364736 /api/chat
2019-04-04 13:22:47 1554355367756 /robot.html
2019-04-04 13:22:47 1554355367769 /robot.css
2019-04-04 13:22:51 1554355371124 /panda.jpeg
2019-04-04 13:22:51 1554355371126 /api/chat
2019-04-04 13:24:56 1554355496290 服务已启动
2019-04-04 13:24:59 1554355499180 /robot.html
2019-04-04 13:24:59 1554355499196 /robot.css
2019-04-04 13:25:01 1554355501517 /panda.jpeg
2019-04-04 13:25:01 1554355501518 /api/chat
2019-04-04 13:25:57 1554355557596 服务已启动
2019-04-04 13:26:00 1554355560978 /api/chat
2019-04-04 13:27:25 1554355645435 /index.html
2019-04-04 13:27:25 1554355645603 /favicon.ico
2019-04-04 13:27:31 1554355651121 /robot.html
2019-04-04 13:27:31 1554355651132 /robot.css
2019-04-04 13:27:35 1554355655282 /robot.css
2019-04-04 13:27:37 1554355657732 /api/chat
2019-04-04 13:27:37 1554355657735 /panda.jpeg
2019-04-04 13:31:43 1554355903095 服务已启动
2019-04-04 13:31:46 1554355906256 /api/chat
2019-04-04 13:31:48 1554355908148 /xiaodu.jpeg
2019-04-04 13:31:49 1554355909675 /robot.html
2019-04-04 13:31:49 1554355909688 /robot.css
2019-04-04 13:31:53 1554355913579 /panda.jpeg
2019-04-04 13:31:53 1554355913580 /api/chat
2019-04-04 13:31:54 1554355914086 /xiaodu.jpeg
2019-04-04 13:31:57 1554355917889 /api/chat
2019-04-04 13:32:02 1554355922124 /api/chat
2019-04-04 13:32:09 1554355929243 /api/chat
2019-04-04 13:32:12 1554355932241 /api/chat
2019-04-04 13:32:43 1554355963300 服务已启动
2019-04-04 13:32:49 1554355969454 /api/chat
2019-04-04 13:32:54 1554355974886 /api/chat
2019-04-04 13:33:31 1554356011814 /api/chat
2019-04-04 13:34:32 1554356072845 /api/chat
2019-04-04 13:34:36 1554356076814 /robot.html
2019-04-04 13:34:36 1554356076827 /robot.css
2019-04-04 13:34:40 1554356080244 /panda.jpeg
2019-04-04 13:34:40 1554356080245 /api/chat
2019-04-04 13:34:40 1554356080600 /xiaodu.jpeg
2019-04-04 15:03:04 1554361384637 服务已启动
2019-04-04 15:03:25 1554361405007 /robot.html
2019-04-04 15:03:25 1554361405068 /robot.css
2019-04-04 15:03:25 1554361405196 /favicon.ico
2019-04-04 15:03:29 1554361409224 /panda.jpeg
2019-04-04 15:03:29 1554361409225 /api/chat
2019-04-04 15:03:33 1554361413083 /robot.css
2019-04-04 15:03:42 1554361422854 /api/chat
2019-04-04 15:03:57 1554361437932 /robot.html
2019-04-04 15:03:57 1554361437944 /robot.css
2019-04-04 15:04:02 1554361442341 /panda.jpeg
2019-04-04 15:04:02 1554361442342 /api/chat
2019-04-04 15:04:32 1554361472348 /api/chat
2019-04-04 15:05:59 1554361559794 服务已启动
2019-04-04 15:06:01 1554361561857 /robot.html
2019-04-04 15:06:01 1554361561871 /robot.css
2019-04-04 15:06:03 1554361563895 /panda.jpeg
2019-04-04 15:06:03 1554361563896 /api/chat
2019-04-04 15:06:04 1554361564822 /xiaodu.jpeg
2019-04-04 15:06:08 1554361568832 /api/chat
2019-04-04 15:06:14 1554361574960 /api/chat
2019-04-04 15:29:41 1554362981833 服务已启动
2019-04-04 15:29:54 1554362994250 /robot.html
2019-04-04 15:29:54 1554362994315 /robot.css
2019-04-04 15:29:54 1554362994408 /favicon.ico
2019-04-04 15:29:57 1554362997452 /panda.jpeg
2019-04-04 15:29:57 1554362997453 /api/chat
2019-04-04 15:30:34 1554363034975 /robot.html&test=aaa
2019-04-04 15:30:39 1554363039605 /robot.html
2019-04-04 15:30:39 1554363039615 /robot.css
2019-04-04 15:34:22 1554363262276 服务已启动
2019-04-04 15:34:24 1554363264785 /robot.html
2019-04-04 15:34:24 1554363264799 /robot.css
2019-04-04 15:34:24 1554363264817 /favicon.ico
2019-04-04 15:34:57 1554363297435 /api/chat
2019-04-04 15:34:57 1554363297603 /favicon.ico
2019-04-04 15:37:01 1554363421629 /api/chat
2019-04-04 15:50:39 1554364239018 /robot.html
2019-04-04 15:50:39 1554364239030 /robot.css
2019-04-04 15:50:41 1554364241263 /panda.jpeg
2019-04-04 15:50:41 1554364241264 /api/chat
2019-04-04 15:51:06 1554364266129 服务已启动
2019-04-04 15:51:08 1554364268313 /robot.html
2019-04-04 15:51:08 1554364268326 /robot.css
2019-04-04 15:51:11 1554364271035 /panda.jpeg
2019-04-04 15:51:11 1554364271036 /api/chat
2019-04-04 15:53:10 1554364390207 /api/chat
2019-04-04 15:53:11 1554364391036 /xiaodu.jpeg
2019-04-04 15:53:17 1554364397023 /api/chat
2019-04-04 15:53:20 1554364400437 /api/chat
2019-04-04 15:53:23 1554364403734 /api/chat
2019-04-04 15:53:28 1554364408954 /api/chat
2019-04-04 15:54:37 1554364477732 服务已启动
2019-04-04 15:54:40 1554364480123 /robot.html
2019-04-04 15:54:40 1554364480137 /robot.css
2019-04-04 15:54:42 1554364482514 /panda.jpeg
2019-04-04 15:54:42 1554364482515 /api/chat
2019-04-04 15:54:42 1554364482875 /xiaodu.jpeg
2019-04-04 16:01:11 1554364871784 /api/chat
2019-04-04 16:01:20 1554364880607 /api/chat
2019-04-04 16:01:24 1554364884625 /api/chat
2019-04-04 16:01:30 1554364890835 /api/chat
2019-04-05 19:22:22 1554463342607 服务已启动
2019-04-05 19:22:39 1554463359992 /api/chat
2019-04-05 19:22:42 1554463362841 /api/chat
2019-04-05 19:23:49 1554463429831 /api/chat
2019-04-05 19:26:29 1554463589759 /api/chat
2019-04-05 19:26:32 1554463592541 /api/chat
2019-04-05 19:27:38 1554463658045 /api/chat
2019-04-05 19:27:40 1554463660197 /api/chat
2019-04-05 19:28:41 1554463721562 /api/chat
2019-04-05 19:28:43 1554463723763 /api/chat
2019-04-05 19:28:45 1554463725692 /api/chat
